c:\users\estefano\source\repos\metamod-fallguys\release\asext.lib
c:\users\estefano\source\repos\metamod-fallguys\release\asext.exp
c:\users\estefano\source\repos\metamod-fallguys\asext\release\vc142.pdb
c:\users\estefano\source\repos\metamod-fallguys\asext\release\server_hook.obj
c:\users\estefano\source\repos\metamod-fallguys\asext\release\meta_api.obj
c:\users\estefano\source\repos\metamod-fallguys\asext\release\h_export.obj
c:\users\estefano\source\repos\metamod-fallguys\asext\release\engine_api.obj
c:\users\estefano\source\repos\metamod-fallguys\asext\release\dllmain.obj
c:\users\estefano\source\repos\metamod-fallguys\asext\release\dllapi.obj
c:\users\estefano\source\repos\metamod-fallguys\release\asext.dll
c:\users\estefano\source\repos\metamod-fallguys\asext\release\asext.iobj
c:\users\estefano\source\repos\metamod-fallguys\release\asext.pdb
c:\users\estefano\source\repos\metamod-fallguys\asext\release\asext.ipdb
c:\users\estefano\source\repos\metamod-fallguys\asext\release\asext.tlog\asext.write.1u.tlog
c:\users\estefano\source\repos\metamod-fallguys\asext\release\asext.tlog\cl.command.1.tlog
c:\users\estefano\source\repos\metamod-fallguys\asext\release\asext.tlog\cl.read.1.tlog
c:\users\estefano\source\repos\metamod-fallguys\asext\release\asext.tlog\cl.write.1.tlog
c:\users\estefano\source\repos\metamod-fallguys\asext\release\asext.tlog\link.command.1.tlog
c:\users\estefano\source\repos\metamod-fallguys\asext\release\asext.tlog\link.read.1.tlog
c:\users\estefano\source\repos\metamod-fallguys\asext\release\asext.tlog\link.write.1.tlog
