c:\users\estefano\source\repos\metamod\aslp\release\vc143.pdb
c:\users\estefano\source\repos\metamod\aslp\release\meta_api.obj
c:\users\estefano\source\repos\metamod\aslp\release\h_export.obj
c:\users\estefano\source\repos\metamod\aslp\release\register.obj
c:\users\estefano\source\repos\metamod\aslp\release\cturret.obj
c:\users\estefano\source\repos\metamod\aslp\release\csentry.obj
c:\users\estefano\source\repos\metamod\aslp\release\cplayer.obj
c:\users\estefano\source\repos\metamod\aslp\release\cosprey.obj
c:\users\estefano\source\repos\metamod\aslp\release\cbloater.obj
c:\users\estefano\source\repos\metamod\aslp\release\capache.obj
c:\users\estefano\source\repos\metamod\aslp\release\engine_hook.obj
c:\users\estefano\source\repos\metamod\aslp\release\engine_api.obj
c:\users\estefano\source\repos\metamod\aslp\release\dllmain.obj
c:\users\estefano\source\repos\metamod\aslp\release\aslp.obj
c:\users\estefano\source\repos\metamod\aslp\release\vftable.obj
c:\users\estefano\source\repos\metamod\aslp\release\server_hook.obj
c:\users\estefano\source\repos\metamod\aslp\release\dllapi.obj
c:\users\estefano\source\repos\metamod\release\aslp.dll
c:\users\estefano\source\repos\metamod\release\aslp.pdb
c:\users\estefano\source\repos\metamod\release\aslp.lib
c:\users\estefano\source\repos\metamod\release\aslp.exp
c:\users\estefano\source\repos\metamod\aslp\release\aslp.ipdb
c:\users\estefano\source\repos\metamod\aslp\release\aslp.iobj
c:\users\estefano\source\repos\metamod\aslp\release\discord.obj
c:\users\estefano\source\repos\metamod\aslp\release\aslp.tlog\cl.command.1.tlog
c:\users\estefano\source\repos\metamod\aslp\release\aslp.tlog\cl.items.tlog
c:\users\estefano\source\repos\metamod\aslp\release\aslp.tlog\cl.read.1.tlog
c:\users\estefano\source\repos\metamod\aslp\release\aslp.tlog\cl.write.1.tlog
c:\users\estefano\source\repos\metamod\aslp\release\aslp.tlog\link.command.1.tlog
c:\users\estefano\source\repos\metamod\aslp\release\aslp.tlog\link.read.1.tlog
c:\users\estefano\source\repos\metamod\aslp\release\aslp.tlog\link.secondary.1.tlog
c:\users\estefano\source\repos\metamod\aslp\release\aslp.tlog\link.write.1.tlog
