c:\users\estefano\source\repos\metamod-fallguys\debug\asext.lib
c:\users\estefano\source\repos\metamod-fallguys\debug\asext.exp
c:\users\estefano\source\repos\metamod-fallguys\asext\debug\vc142.pdb
c:\users\estefano\source\repos\metamod-fallguys\asext\debug\vc142.idb
c:\users\estefano\source\repos\metamod-fallguys\asext\debug\server_hook.obj
c:\users\estefano\source\repos\metamod-fallguys\asext\debug\meta_api.obj
c:\users\estefano\source\repos\metamod-fallguys\asext\debug\h_export.obj
c:\users\estefano\source\repos\metamod-fallguys\asext\debug\engine_api.obj
c:\users\estefano\source\repos\metamod-fallguys\asext\debug\dllmain.obj
c:\users\estefano\source\repos\metamod-fallguys\asext\debug\dllapi.obj
c:\users\estefano\source\repos\metamod-fallguys\asext\debug\asext.ilk
c:\users\estefano\source\repos\metamod-fallguys\debug\asext.dll
c:\users\estefano\source\repos\metamod-fallguys\debug\asext.pdb
c:\users\estefano\source\repos\metamod-fallguys\asext\debug\asext.tlog\asext.write.1u.tlog
c:\users\estefano\source\repos\metamod-fallguys\asext\debug\asext.tlog\cl.command.1.tlog
c:\users\estefano\source\repos\metamod-fallguys\asext\debug\asext.tlog\cl.read.1.tlog
c:\users\estefano\source\repos\metamod-fallguys\asext\debug\asext.tlog\cl.write.1.tlog
c:\users\estefano\source\repos\metamod-fallguys\asext\debug\asext.tlog\link.command.1.tlog
c:\users\estefano\source\repos\metamod-fallguys\asext\debug\asext.tlog\link.read.1.tlog
c:\users\estefano\source\repos\metamod-fallguys\asext\debug\asext.tlog\link.write.1.tlog
