c:\users\estefano\source\repos\metamod-fallguys\debug\asqcvar.lib
c:\users\estefano\source\repos\metamod-fallguys\debug\asqcvar.exp
c:\users\estefano\source\repos\metamod-fallguys\asqcvar\debug\vc142.pdb
c:\users\estefano\source\repos\metamod-fallguys\asqcvar\debug\vc142.idb
c:\users\estefano\source\repos\metamod-fallguys\asqcvar\debug\server_hook.obj
c:\users\estefano\source\repos\metamod-fallguys\asqcvar\debug\meta_api.obj
c:\users\estefano\source\repos\metamod-fallguys\asqcvar\debug\h_export.obj
c:\users\estefano\source\repos\metamod-fallguys\asqcvar\debug\engine_hook.obj
c:\users\estefano\source\repos\metamod-fallguys\asqcvar\debug\engine_api.obj
c:\users\estefano\source\repos\metamod-fallguys\asqcvar\debug\dllmain.obj
c:\users\estefano\source\repos\metamod-fallguys\asqcvar\debug\dllapi.obj
c:\users\estefano\source\repos\metamod-fallguys\asqcvar\debug\asqcvar.obj
c:\users\estefano\source\repos\metamod-fallguys\asqcvar\debug\asqcvar.ilk
c:\users\estefano\source\repos\metamod-fallguys\debug\asqcvar.dll
c:\users\estefano\source\repos\metamod-fallguys\debug\asqcvar.pdb
c:\users\estefano\source\repos\metamod-fallguys\asqcvar\debug\asqcvar.tlog\asqcvar.write.1u.tlog
c:\users\estefano\source\repos\metamod-fallguys\asqcvar\debug\asqcvar.tlog\cl.command.1.tlog
c:\users\estefano\source\repos\metamod-fallguys\asqcvar\debug\asqcvar.tlog\cl.read.1.tlog
c:\users\estefano\source\repos\metamod-fallguys\asqcvar\debug\asqcvar.tlog\cl.write.1.tlog
c:\users\estefano\source\repos\metamod-fallguys\asqcvar\debug\asqcvar.tlog\link.command.1.tlog
c:\users\estefano\source\repos\metamod-fallguys\asqcvar\debug\asqcvar.tlog\link.read.1.tlog
c:\users\estefano\source\repos\metamod-fallguys\asqcvar\debug\asqcvar.tlog\link.write.1.tlog
