c:\users\estefano\source\repos\metamod-fallguys\metamod\debug\vc142.pdb
c:\users\estefano\source\repos\metamod-fallguys\metamod\debug\vc142.idb
c:\users\estefano\source\repos\metamod-fallguys\metamod\debug\asm.obj
c:\users\estefano\source\repos\metamod-fallguys\metamod\debug\decode.obj
c:\users\estefano\source\repos\metamod-fallguys\metamod\debug\itab.obj
c:\users\estefano\source\repos\metamod-fallguys\metamod\debug\udis86.obj
c:\users\estefano\source\repos\metamod-fallguys\metamod\debug\log_meta.obj
c:\users\estefano\source\repos\metamod-fallguys\metamod\debug\metamod.obj
c:\users\estefano\source\repos\metamod-fallguys\metamod\debug\meta_eiface.obj
c:\users\estefano\source\repos\metamod-fallguys\metamod\debug\mhook.obj
c:\users\estefano\source\repos\metamod-fallguys\metamod\debug\mlist.obj
c:\users\estefano\source\repos\metamod-fallguys\metamod\debug\mplayer.obj
c:\users\estefano\source\repos\metamod-fallguys\metamod\debug\mplugin.obj
c:\users\estefano\source\repos\metamod-fallguys\metamod\debug\mqueue.obj
c:\users\estefano\source\repos\metamod-fallguys\metamod\debug\mreg.obj
c:\users\estefano\source\repos\metamod-fallguys\metamod\debug\mutil.obj
c:\users\estefano\source\repos\metamod-fallguys\metamod\debug\osdep.obj
c:\users\estefano\source\repos\metamod-fallguys\metamod\debug\osdep_detect_gamedll_win32.obj
c:\users\estefano\source\repos\metamod-fallguys\metamod\debug\osdep_linkent_win32.obj
c:\users\estefano\source\repos\metamod-fallguys\metamod\debug\osdep_p.obj
c:\users\estefano\source\repos\metamod-fallguys\metamod\debug\reg_support.obj
c:\users\estefano\source\repos\metamod-fallguys\metamod\debug\sdk_util.obj
c:\users\estefano\source\repos\metamod-fallguys\metamod\debug\studioapi.obj
c:\users\estefano\source\repos\metamod-fallguys\metamod\debug\support_meta.obj
c:\users\estefano\source\repos\metamod-fallguys\metamod\debug\thread_logparse.obj
c:\users\estefano\source\repos\metamod-fallguys\metamod\debug\vdate.obj
c:\users\estefano\source\repos\metamod-fallguys\metamod\debug\detours.obj
c:\users\estefano\source\repos\metamod-fallguys\metamod\debug\api_hook.obj
c:\users\estefano\source\repos\metamod-fallguys\metamod\debug\api_info.obj
c:\users\estefano\source\repos\metamod-fallguys\metamod\debug\commands_meta.obj
c:\users\estefano\source\repos\metamod-fallguys\metamod\debug\conf_meta.obj
c:\users\estefano\source\repos\metamod-fallguys\metamod\debug\dllapi.obj
c:\users\estefano\source\repos\metamod-fallguys\metamod\debug\engineinfo.obj
c:\users\estefano\source\repos\metamod-fallguys\metamod\debug\engine_api.obj
c:\users\estefano\source\repos\metamod-fallguys\metamod\debug\game_autodetect.obj
c:\users\estefano\source\repos\metamod-fallguys\metamod\debug\game_support.obj
c:\users\estefano\source\repos\metamod-fallguys\metamod\debug\h_export.obj
c:\users\estefano\source\repos\metamod-fallguys\metamod\debug\linkgame.obj
c:\users\estefano\source\repos\metamod-fallguys\metamod\debug\linkplug.obj
c:\users\estefano\source\repos\metamod-fallguys\metamod\debug\metamod.ilk
c:\users\estefano\source\repos\metamod-fallguys\debug\metamod.dll
c:\users\estefano\source\repos\metamod-fallguys\debug\metamod.pdb
c:\users\estefano\source\repos\metamod-fallguys\debug\metamod.lib
c:\users\estefano\source\repos\metamod-fallguys\debug\metamod.exp
c:\users\estefano\source\repos\metamod-fallguys\metamod\debug\res_meta.res
c:\users\estefano\source\repos\metamod-fallguys\metamod\debug\metamod.tlog\cl.command.1.tlog
c:\users\estefano\source\repos\metamod-fallguys\metamod\debug\metamod.tlog\cl.read.1.tlog
c:\users\estefano\source\repos\metamod-fallguys\metamod\debug\metamod.tlog\cl.write.1.tlog
c:\users\estefano\source\repos\metamod-fallguys\metamod\debug\metamod.tlog\link.command.1.tlog
c:\users\estefano\source\repos\metamod-fallguys\metamod\debug\metamod.tlog\link.read.1.tlog
c:\users\estefano\source\repos\metamod-fallguys\metamod\debug\metamod.tlog\link.write.1.tlog
c:\users\estefano\source\repos\metamod-fallguys\metamod\debug\metamod.tlog\metamod.write.1u.tlog
c:\users\estefano\source\repos\metamod-fallguys\metamod\debug\metamod.tlog\rc.command.1.tlog
c:\users\estefano\source\repos\metamod-fallguys\metamod\debug\metamod.tlog\rc.read.1.tlog
c:\users\estefano\source\repos\metamod-fallguys\metamod\debug\metamod.tlog\rc.write.1.tlog
