c:\users\estefano\source\repos\metamod-fallguys\metamod\release\udis86.obj
c:\users\estefano\source\repos\metamod-fallguys\metamod\release\itab.obj
c:\users\estefano\source\repos\metamod-fallguys\metamod\release\decode.obj
c:\users\estefano\source\repos\metamod-fallguys\metamod\release\asm.obj
c:\users\estefano\source\repos\metamod-fallguys\metamod\release\mplugin.obj
c:\users\estefano\source\repos\metamod-fallguys\metamod\release\mplayer.obj
c:\users\estefano\source\repos\metamod-fallguys\metamod\release\mlist.obj
c:\users\estefano\source\repos\metamod-fallguys\metamod\release\mhook.obj
c:\users\estefano\source\repos\metamod-fallguys\metamod\release\meta_eiface.obj
c:\users\estefano\source\repos\metamod-fallguys\metamod\release\metamod.obj
c:\users\estefano\source\repos\metamod-fallguys\metamod\release\log_meta.obj
c:\users\estefano\source\repos\metamod-fallguys\metamod\release\linkplug.obj
c:\users\estefano\source\repos\metamod-fallguys\metamod\release\linkgame.obj
c:\users\estefano\source\repos\metamod-fallguys\metamod\release\h_export.obj
c:\users\estefano\source\repos\metamod-fallguys\metamod\release\game_support.obj
c:\users\estefano\source\repos\metamod-fallguys\metamod\release\game_autodetect.obj
c:\users\estefano\source\repos\metamod-fallguys\metamod\release\engine_api.obj
c:\users\estefano\source\repos\metamod-fallguys\metamod\release\engineinfo.obj
c:\users\estefano\source\repos\metamod-fallguys\metamod\release\dllapi.obj
c:\users\estefano\source\repos\metamod-fallguys\metamod\release\conf_meta.obj
c:\users\estefano\source\repos\metamod-fallguys\metamod\release\commands_meta.obj
c:\users\estefano\source\repos\metamod-fallguys\metamod\release\api_info.obj
c:\users\estefano\source\repos\metamod-fallguys\metamod\release\api_hook.obj
c:\users\estefano\source\repos\metamod-fallguys\metamod\release\detours.obj
c:\users\estefano\source\repos\metamod-fallguys\metamod\release\vdate.obj
c:\users\estefano\source\repos\metamod-fallguys\metamod\release\thread_logparse.obj
c:\users\estefano\source\repos\metamod-fallguys\metamod\release\support_meta.obj
c:\users\estefano\source\repos\metamod-fallguys\metamod\release\studioapi.obj
c:\users\estefano\source\repos\metamod-fallguys\metamod\release\sdk_util.obj
c:\users\estefano\source\repos\metamod-fallguys\metamod\release\reg_support.obj
c:\users\estefano\source\repos\metamod-fallguys\metamod\release\osdep_p.obj
c:\users\estefano\source\repos\metamod-fallguys\metamod\release\osdep_linkent_win32.obj
c:\users\estefano\source\repos\metamod-fallguys\metamod\release\osdep_detect_gamedll_win32.obj
c:\users\estefano\source\repos\metamod-fallguys\metamod\release\osdep.obj
c:\users\estefano\source\repos\metamod-fallguys\metamod\release\mutil.obj
c:\users\estefano\source\repos\metamod-fallguys\metamod\release\mreg.obj
c:\users\estefano\source\repos\metamod-fallguys\metamod\release\mqueue.obj
c:\users\estefano\source\repos\metamod-fallguys\release\metamod.dll
c:\users\estefano\source\repos\metamod-fallguys\metamod\release\metamod.iobj
c:\users\estefano\source\repos\metamod-fallguys\release\metamod.pdb
c:\users\estefano\source\repos\metamod-fallguys\release\metamod.lib
c:\users\estefano\source\repos\metamod-fallguys\release\metamod.exp
c:\users\estefano\source\repos\metamod-fallguys\metamod\release\res_meta.res
c:\users\estefano\source\repos\metamod-fallguys\metamod\release\metamod.ipdb
c:\users\estefano\source\repos\metamod-fallguys\metamod\release\metamod.tlog\cl.command.1.tlog
c:\users\estefano\source\repos\metamod-fallguys\metamod\release\metamod.tlog\cl.read.1.tlog
c:\users\estefano\source\repos\metamod-fallguys\metamod\release\metamod.tlog\cl.write.1.tlog
c:\users\estefano\source\repos\metamod-fallguys\metamod\release\metamod.tlog\link.command.1.tlog
c:\users\estefano\source\repos\metamod-fallguys\metamod\release\metamod.tlog\link.read.1.tlog
c:\users\estefano\source\repos\metamod-fallguys\metamod\release\metamod.tlog\link.write.1.tlog
c:\users\estefano\source\repos\metamod-fallguys\metamod\release\metamod.tlog\metamod.write.1u.tlog
c:\users\estefano\source\repos\metamod-fallguys\metamod\release\metamod.tlog\rc.command.1.tlog
c:\users\estefano\source\repos\metamod-fallguys\metamod\release\metamod.tlog\rc.read.1.tlog
c:\users\estefano\source\repos\metamod-fallguys\metamod\release\metamod.tlog\rc.write.1.tlog
