c:\users\estefano\source\repos\metamod-fallguys\debug\asusermsg.lib
c:\users\estefano\source\repos\metamod-fallguys\debug\asusermsg.exp
c:\users\estefano\source\repos\metamod-fallguys\asusermsg\debug\vc142.pdb
c:\users\estefano\source\repos\metamod-fallguys\asusermsg\debug\vc142.idb
c:\users\estefano\source\repos\metamod-fallguys\asusermsg\debug\server_hook.obj
c:\users\estefano\source\repos\metamod-fallguys\asusermsg\debug\meta_api.obj
c:\users\estefano\source\repos\metamod-fallguys\asusermsg\debug\h_export.obj
c:\users\estefano\source\repos\metamod-fallguys\asusermsg\debug\engine_hook.obj
c:\users\estefano\source\repos\metamod-fallguys\asusermsg\debug\engine_api.obj
c:\users\estefano\source\repos\metamod-fallguys\asusermsg\debug\dllmain.obj
c:\users\estefano\source\repos\metamod-fallguys\asusermsg\debug\dllapi.obj
c:\users\estefano\source\repos\metamod-fallguys\asusermsg\debug\asusermsg.obj
c:\users\estefano\source\repos\metamod-fallguys\asusermsg\debug\asusermsg.ilk
c:\users\estefano\source\repos\metamod-fallguys\debug\asusermsg.dll
c:\users\estefano\source\repos\metamod-fallguys\debug\asusermsg.pdb
c:\users\estefano\source\repos\metamod-fallguys\asusermsg\debug\asusermsg.tlog\asusermsg.write.1u.tlog
c:\users\estefano\source\repos\metamod-fallguys\asusermsg\debug\asusermsg.tlog\cl.command.1.tlog
c:\users\estefano\source\repos\metamod-fallguys\asusermsg\debug\asusermsg.tlog\cl.read.1.tlog
c:\users\estefano\source\repos\metamod-fallguys\asusermsg\debug\asusermsg.tlog\cl.write.1.tlog
c:\users\estefano\source\repos\metamod-fallguys\asusermsg\debug\asusermsg.tlog\link.command.1.tlog
c:\users\estefano\source\repos\metamod-fallguys\asusermsg\debug\asusermsg.tlog\link.read.1.tlog
c:\users\estefano\source\repos\metamod-fallguys\asusermsg\debug\asusermsg.tlog\link.write.1.tlog
