c:\users\estefano\source\repos\metamod-fallguys\fallguys\debug\vc142.pdb
c:\users\estefano\source\repos\metamod-fallguys\fallguys\debug\vc142.idb
c:\users\estefano\source\repos\metamod-fallguys\fallguys\debug\soundengine.obj
c:\users\estefano\source\repos\metamod-fallguys\fallguys\debug\server_hook.obj
c:\users\estefano\source\repos\metamod-fallguys\fallguys\debug\physics.obj
c:\users\estefano\source\repos\metamod-fallguys\fallguys\debug\meta_api.obj
c:\users\estefano\source\repos\metamod-fallguys\fallguys\debug\h_export.obj
c:\users\estefano\source\repos\metamod-fallguys\fallguys\debug\fallguys.obj
c:\users\estefano\source\repos\metamod-fallguys\fallguys\debug\engine_hook.obj
c:\users\estefano\source\repos\metamod-fallguys\fallguys\debug\engine_api.obj
c:\users\estefano\source\repos\metamod-fallguys\fallguys\debug\dllmain.obj
c:\users\estefano\source\repos\metamod-fallguys\fallguys\debug\dllapi.obj
c:\users\estefano\source\repos\metamod-fallguys\debug\fallguys.lib
c:\users\estefano\source\repos\metamod-fallguys\debug\fallguys.exp
c:\users\estefano\source\repos\metamod-fallguys\fallguys\debug\fallguys.ilk
c:\users\estefano\source\repos\metamod-fallguys\debug\fallguys.dll
c:\users\estefano\source\repos\metamod-fallguys\debug\fallguys.pdb
c:\users\estefano\source\repos\metamod-fallguys\fallguys\debug\fallguys.tlog\cl.command.1.tlog
c:\users\estefano\source\repos\metamod-fallguys\fallguys\debug\fallguys.tlog\cl.read.1.tlog
c:\users\estefano\source\repos\metamod-fallguys\fallguys\debug\fallguys.tlog\cl.write.1.tlog
c:\users\estefano\source\repos\metamod-fallguys\fallguys\debug\fallguys.tlog\fallguys.write.1u.tlog
c:\users\estefano\source\repos\metamod-fallguys\fallguys\debug\fallguys.tlog\link.command.1.tlog
c:\users\estefano\source\repos\metamod-fallguys\fallguys\debug\fallguys.tlog\link.read.1.tlog
c:\users\estefano\source\repos\metamod-fallguys\fallguys\debug\fallguys.tlog\link.write.1.tlog
