c:\users\estefano\source\repos\metamod-fallguys\debug\ascurl.lib
c:\users\estefano\source\repos\metamod-fallguys\debug\ascurl.exp
c:\users\estefano\source\repos\metamod-fallguys\ascurl\debug\vc142.pdb
c:\users\estefano\source\repos\metamod-fallguys\ascurl\debug\vc142.idb
c:\users\estefano\source\repos\metamod-fallguys\ascurl\debug\server_hook.obj
c:\users\estefano\source\repos\metamod-fallguys\ascurl\debug\meta_api.obj
c:\users\estefano\source\repos\metamod-fallguys\ascurl\debug\h_export.obj
c:\users\estefano\source\repos\metamod-fallguys\ascurl\debug\engine_hook.obj
c:\users\estefano\source\repos\metamod-fallguys\ascurl\debug\engine_api.obj
c:\users\estefano\source\repos\metamod-fallguys\ascurl\debug\dllmain.obj
c:\users\estefano\source\repos\metamod-fallguys\ascurl\debug\dllapi.obj
c:\users\estefano\source\repos\metamod-fallguys\ascurl\debug\ascurl.obj
c:\users\estefano\source\repos\metamod-fallguys\debug\ascurl.dll
c:\users\estefano\source\repos\metamod-fallguys\ascurl\debug\ascurl.ilk
c:\users\estefano\source\repos\metamod-fallguys\debug\ascurl.pdb
c:\users\estefano\source\repos\metamod-fallguys\ascurl\debug\libretranslate.obj
c:\users\estefano\source\repos\metamod-fallguys\ascurl\debug\ascurl.tlog\ascurl.write.1u.tlog
c:\users\estefano\source\repos\metamod-fallguys\ascurl\debug\ascurl.tlog\cl.command.1.tlog
c:\users\estefano\source\repos\metamod-fallguys\ascurl\debug\ascurl.tlog\cl.read.1.tlog
c:\users\estefano\source\repos\metamod-fallguys\ascurl\debug\ascurl.tlog\cl.write.1.tlog
c:\users\estefano\source\repos\metamod-fallguys\ascurl\debug\ascurl.tlog\link.command.1.tlog
c:\users\estefano\source\repos\metamod-fallguys\ascurl\debug\ascurl.tlog\link.read.1.tlog
c:\users\estefano\source\repos\metamod-fallguys\ascurl\debug\ascurl.tlog\link.write.1.tlog
